<?xml version="1.0" encoding="utf-8"?><testsuites name="pytest tests"><testsuite name="pytest" errors="0" failures="1" skipped="0" tests="9" time="4.877" timestamp="2026-09-11T00:44:44.686419+00:00" hostname="agent-env-8f7ba8e4-97d6-49e0-b1d3-446f8323597d"><testcase classname="tests.backend_test" name="test_admin_login_ok_and_cookie" time="0.368" /><testcase classname="tests.backend_test" name="test_providers_models_lists_emergent_catalog" time="0.073" /><testcase classname="tests.backend_test" name="test_providers_test_live_ok[claude-sonnet-4-6]" time="2.592" /><testcase classname="tests.backend_test" name="test_providers_test_live_ok[gpt-5.4]" time="0.851" /><testcase classname="tests.backend_test" name="test_providers_test_live_ok[gemini-2.5-flash]" time="0.479"><failure message="AssertionError: empty response_text for gemini-2.5-flash: {'ok': True, 'provider': 'emergent', 'model': 'gemini-2.5-flash', 'latency_ms': 409, 'response_text': '', 'usage': {'input_tokens': 24, 'output_tokens': 5}}&#10;assert ''&#10; +  where '' = &lt;built-in method get of dict object at 0xfd9e68579300&gt;('response_text')&#10; +    where &lt;built-in method get of dict object at 0xfd9e68579300&gt; = {'ok': True, 'provider': 'emergent', 'model': 'gemini-2.5-flash', 'latency_ms': 409, ...}.get">backend/tests/backend_test.py:73: in test_providers_test_live_ok
    assert body.get("response_text"), f"empty response_text for {model}: {body}"
E   AssertionError: empty response_text for gemini-2.5-flash: {'ok': True, 'provider': 'emergent', 'model': 'gemini-2.5-flash', 'latency_ms': 409, 'response_text': '', 'usage': {'input_tokens': 24, 'output_tokens': 5}}
E   assert ''
E    +  where '' = &lt;built-in method get of dict object at 0xfd9e68579300&gt;('response_text')
E    +    where &lt;built-in method get of dict object at 0xfd9e68579300&gt; = {'ok': True, 'provider': 'emergent', 'model': 'gemini-2.5-flash', 'latency_ms': 409, ...}.get</failure></testcase><testcase classname="tests.backend_test" name="test_providers_test_unknown_model_is_normalized" time="0.069" /><testcase classname="tests.backend_test" name="test_agents_config_lists_roles" time="0.070" /><testcase classname="tests.backend_test" name="test_planner_and_reviewer_have_independent_emergent_models" time="0.215" /><testcase classname="tests.backend_test" name="test_settings_reports_emergent_configured_without_leaking" time="0.069" /></testsuite></testsuites>